Using pre-set license
Built from '2021.3/staging' branch; Version is '2021.3.16f1 (4016570cf34f) revision 4200023'; Using compiler version '192829333'; Build Type 'Release'
OS: 'Windows 11  (10.0.22000) 64bit Core' Language: 'fr' Physical Memory: 16147 MB
BatchMode: 1, IsHumanControllingUs: 0, StartBugReporterOnCrash: 0, Is64bit: 1, IsPro: 1

COMMAND LINE ARGUMENTS:
C:\Program Files\Unity\Hub\Editor\2021.3.16f1\Editor\Unity.exe
-adb2
-batchMode
-noUpm
-name
AssetImportWorker2
-projectPath
C:/Users/antho/LAB1_AnthonyCharest
-logFile
Logs/AssetImportWorker2.log
-srvPort
54949
Successfully changed project path to: C:/Users/antho/LAB1_AnthonyCharest
C:/Users/antho/LAB1_AnthonyCharest
[UnityMemory] Configuration Parameters - Can be set up in boot.config
    "memorysetup-bucket-allocator-granularity=16"
    "memorysetup-bucket-allocator-bucket-count=8"
    "memorysetup-bucket-allocator-block-size=33554432"
    "memorysetup-bucket-allocator-block-count=8"
    "memorysetup-main-allocator-block-size=16777216"
    "memorysetup-thread-allocator-block-size=16777216"
    "memorysetup-gfx-main-allocator-block-size=16777216"
    "memorysetup-gfx-thread-allocator-block-size=16777216"
    "memorysetup-cache-allocator-block-size=4194304"
    "memorysetup-typetree-allocator-block-size=2097152"
    "memorysetup-profiler-bucket-allocator-granularity=16"
    "memorysetup-profiler-bucket-allocator-bucket-count=8"
    "memorysetup-profiler-bucket-allocator-block-size=33554432"
    "memorysetup-profiler-bucket-allocator-block-count=8"
    "memorysetup-profiler-allocator-block-size=16777216"
    "memorysetup-profiler-editor-allocator-block-size=1048576"
    "memorysetup-temp-allocator-size-main=16777216"
    "memorysetup-job-temp-allocator-block-size=2097152"
    "memorysetup-job-temp-allocator-block-size-background=1048576"
    "memorysetup-job-temp-allocator-reduction-small-platforms=262144"
    "memorysetup-temp-allocator-size-background-worker=32768"
    "memorysetup-temp-allocator-size-job-worker=262144"
    "memorysetup-temp-allocator-size-preload-manager=33554432"
    "memorysetup-temp-allocator-size-nav-mesh-worker=65536"
    "memorysetup-temp-allocator-size-audio-worker=65536"
    "memorysetup-temp-allocator-size-cloud-worker=32768"
    "memorysetup-temp-allocator-size-gi-baking-worker=262144"
    "memorysetup-temp-allocator-size-gfx=262144"
Player connection [5832] Host "[IP] 192.168.56.1 [Port] 0 [Flags] 2 [Guid] 2178333365 [EditorId] 2178333365 [Version] 1048832 [Id] WindowsEditor(7,Anthony) [Debug] 1 [PackageName] WindowsEditor [ProjectName] Editor" joined multi-casting on [225.0.0.222:54997]...

Player connection [5832] Host "[IP] 192.168.56.1 [Port] 0 [Flags] 2 [Guid] 2178333365 [EditorId] 2178333365 [Version] 1048832 [Id] WindowsEditor(7,Anthony) [Debug] 1 [PackageName] WindowsEditor [ProjectName] Editor" joined alternative multi-casting on [225.0.0.222:34997]...

Refreshing native plugins compatible for Editor in 77.44 ms, found 3 plugins.
Preloading 0 native plugins for Editor in 0.00 ms.
Initialize engine version: 2021.3.16f1 (4016570cf34f)
[Subsystems] Discovering subsystems at path C:/Program Files/Unity/Hub/Editor/2021.3.16f1/Editor/Data/Resources/UnitySubsystems
[Subsystems] Discovering subsystems at path C:/Users/antho/LAB1_AnthonyCharest/Assets
GfxDevice: creating device client; threaded=0; jobified=0
Direct3D:
    Version:  Direct3D 11.0 [level 11.1]
    Renderer: NVIDIA GeForce RTX 3060 Laptop GPU (ID=0x2520)
    Vendor:   NVIDIA
    VRAM:     6023 MB
    Driver:   27.21.14.6262
Initialize mono
Mono path[0] = 'C:/Program Files/Unity/Hub/Editor/2021.3.16f1/Editor/Data/Managed'
Mono path[1] = 'C:/Program Files/Unity/Hub/Editor/2021.3.16f1/Editor/Data/MonoBleedingEdge/lib/mono/unityjit-win32'
Mono config path = 'C:/Program Files/Unity/Hub/Editor/2021.3.16f1/Editor/Data/MonoBleedingEdge/etc'
Using monoOptions --debugger-agent=transport=dt_socket,embedding=1,server=y,suspend=n,address=127.0.0.1:56256
Begin MonoManager ReloadAssembly
Registering precompiled unity dll's ...
Register platform support module: C:/Program Files/Unity/Hub/Editor/2021.3.16f1/Editor/Data/PlaybackEngines/WebGLSupport/UnityEditor.WebGL.Extensions.dll
Register platform support module: C:/Program Files/Unity/Hub/Editor/2021.3.16f1/Editor/Data/PlaybackEngines/WindowsStandaloneSupport/UnityEditor.WindowsStandalone.Extensions.dll
Registered in 0.005430 seconds.
Native extension for WindowsStandalone target not found
Native extension for WebGL target not found
Refreshing native plugins compatible for Editor in 64.81 ms, found 3 plugins.
Preloading 0 native plugins for Editor in 0.00 ms.
Mono: successfully reloaded assembly
- Completed reload, in  0.493 seconds
Domain Reload Profiling:
	ReloadAssembly (493ms)
		BeginReloadAssembly (63ms)
			ExecutionOrderSort (0ms)
			DisableScriptedObjects (0ms)
			BackupInstance (0ms)
			ReleaseScriptingObjects (0ms)
			CreateAndSetChildDomain (1ms)
		EndReloadAssembly (343ms)
			LoadAssemblies (61ms)
			RebuildTransferFunctionScriptingTraits (0ms)
			SetupTypeCache (81ms)
			ReleaseScriptCaches (0ms)
			RebuildScriptCaches (21ms)
			SetupLoadedEditorAssemblies (203ms)
				LogAssemblyErrors (0ms)
				InitializePlatformSupportModulesInManaged (7ms)
				SetLoadedEditorAssemblies (0ms)
				RefreshPlugins (65ms)
				BeforeProcessingInitializeOnLoad (1ms)
				ProcessInitializeOnLoadAttributes (98ms)
				ProcessInitializeOnLoadMethodAttributes (32ms)
				AfterProcessingInitializeOnLoad (0ms)
				EditorAssembliesLoaded (0ms)
			ExecutionOrderSort2 (0ms)
			AwakeInstancesAfterBackupRestoration (0ms)
Platform modules already initialized, skipping
Registering precompiled user dll's ...
Registered in 0.007316 seconds.
Begin MonoManager ReloadAssembly
Symbol file LoadedFromMemory doesn't match image C:\Users\antho\LAB1_AnthonyCharest\Library\PackageCache\com.unity.visualscripting@1.7.8\Editor\VisualScripting.Core\Dependencies\YamlDotNet\Unity.VisualScripting.YamlDotNet.dll
Symbol file LoadedFromMemory doesn't match image C:\Users\antho\LAB1_AnthonyCharest\Library\PackageCache\com.unity.visualscripting@1.7.8\Editor\VisualScripting.Core\Dependencies\DotNetZip\Unity.VisualScripting.IonicZip.dll
Native extension for WindowsStandalone target not found
Native extension for WebGL target not found
Refreshing native plugins compatible for Editor in 0.59 ms, found 3 plugins.
Preloading 0 native plugins for Editor in 0.00 ms.
Mono: successfully reloaded assembly
- Completed reload, in  0.779 seconds
Domain Reload Profiling:
	ReloadAssembly (780ms)
		BeginReloadAssembly (83ms)
			ExecutionOrderSort (0ms)
			DisableScriptedObjects (4ms)
			BackupInstance (0ms)
			ReleaseScriptingObjects (0ms)
			CreateAndSetChildDomain (16ms)
		EndReloadAssembly (611ms)
			LoadAssemblies (66ms)
			RebuildTransferFunctionScriptingTraits (0ms)
			SetupTypeCache (205ms)
			ReleaseScriptCaches (1ms)
			RebuildScriptCaches (37ms)
			SetupLoadedEditorAssemblies (277ms)
				LogAssemblyErrors (0ms)
				InitializePlatformSupportModulesInManaged (5ms)
				SetLoadedEditorAssemblies (0ms)
				RefreshPlugins (1ms)
				BeforeProcessingInitializeOnLoad (70ms)
				ProcessInitializeOnLoadAttributes (177ms)
				ProcessInitializeOnLoadMethodAttributes (18ms)
				AfterProcessingInitializeOnLoad (5ms)
				EditorAssembliesLoaded (0ms)
			ExecutionOrderSort2 (0ms)
			AwakeInstancesAfterBackupRestoration (5ms)
Platform modules already initialized, skipping
========================================================================
Worker process is ready to serve import requests
Launched and connected shader compiler UnityShaderCompiler.exe after 0.05 seconds
Refreshing native plugins compatible for Editor in 0.86 ms, found 3 plugins.
Preloading 0 native plugins for Editor in 0.00 ms.
Unloading 3482 Unused Serialized files (Serialized files now loaded: 0)
Unloading 29 unused Assets / (493.1 KB). Loaded Objects now: 3959.
Memory consumption went from 141.6 MB to 141.2 MB.
Total: 4.400300 ms (FindLiveObjects: 0.427800 ms CreateObjectMapping: 0.372000 ms MarkObjects: 3.239200 ms  DeleteObjects: 0.360400 ms)

AssetImportParameters requested are different than current active one (requested -> active):
  custom:video-decoder-ogg-theora: a1e56fd34408186e4bbccfd4996cb3dc -> 
  custom:container-muxer-webm: aa71ff27fc2769a1b78a27578f13a17b -> 
  custom:container-demuxer-webm: 4f35f7cbe854078d1ac9338744f61a02 -> 
  custom:video-encoder-webm-vp8: eb34c28f22e8b96e1ab97ce403110664 -> 
  custom:audio-encoder-webm-vorbis: bf7c407c2cedff20999df2af8eb42d56 -> 
  custom:framework-win-MediaFoundation: 216162199b28c13a410421893ffa2e32 -> 
  custom:container-demuxer-ogg: 62fdf1f143b41e24485cea50d1cbac27 -> 
  custom:video-decoder-webm-vp8: 9c59270c3fd7afecdb556c50c9e8de78 -> 
  custom:audio-decoder-ogg-vorbis: bf7c407c2cedff20999df2af8eb42d56 -> 
========================================================================
Received Import Request.
  Time since last request: 485057.759279 seconds.
  path: Assets/Standard Assets/Vehicles/Aircraft/Textures/AircraftWingsPropellerNormals.png
  artifactKey: Guid(5b834380674bf7e48ade2f253138543f) Importer(815301076,1909f56bfc062723c751e8b465ee728b)
Start importing Assets/Standard Assets/Vehicles/Aircraft/Textures/AircraftWingsPropellerNormals.png using Guid(5b834380674bf7e48ade2f253138543f) Importer(815301076,1909f56bfc062723c751e8b465ee728b)  -> (artifact id: '552d31eaa4911c6c5cb784769cccfb08') in 0.168723 seconds 
========================================================================
Received Import Request.
  Time since last request: 0.254189 seconds.
  path: Assets/Standard Assets/2D/Sprites/BackgroundGreyGridSprite.png
  artifactKey: Guid(cbbabe9e292f5604897926494bb38fef) Importer(815301076,1909f56bfc062723c751e8b465ee728b)
Start importing Assets/Standard Assets/2D/Sprites/BackgroundGreyGridSprite.png using Guid(cbbabe9e292f5604897926494bb38fef) Importer(815301076,1909f56bfc062723c751e8b465ee728b)  -> (artifact id: '803b3611ee56feac1f651c1f532c183c') in 0.038676 seconds 
========================================================================
Received Import Request.
  Time since last request: 0.008659 seconds.
  path: Assets/Standard Assets/Environment/SpeedTree/Broadleaf/Broadleaf_Desktop_Atlas.tga
  artifactKey: Guid(d20e5329bb2905844a1ae38b80640d3f) Importer(815301076,1909f56bfc062723c751e8b465ee728b)
Start importing Assets/Standard Assets/Environment/SpeedTree/Broadleaf/Broadleaf_Desktop_Atlas.tga using Guid(d20e5329bb2905844a1ae38b80640d3f) Importer(815301076,1909f56bfc062723c751e8b465ee728b)  -> (artifact id: 'bbe1a15990821530d1dbdab01d2509ca') in 0.020539 seconds 
========================================================================
Received Import Request.
  Time since last request: 1.355323 seconds.
  path: Assets/Standard Assets/Environment/SpeedTree/Broadleaf/Broadleaf_Desktop_Atlas_Specular.tga
  artifactKey: Guid(d954891cb9e58434d86e01d839ed4997) Importer(815301076,1909f56bfc062723c751e8b465ee728b)
Start importing Assets/Standard Assets/Environment/SpeedTree/Broadleaf/Broadleaf_Desktop_Atlas_Specular.tga using Guid(d954891cb9e58434d86e01d839ed4997) Importer(815301076,1909f56bfc062723c751e8b465ee728b)  -> (artifact id: 'ae50f761f43ef7b338c1e0c76079f49f') in 0.025596 seconds 
========================================================================
Received Import Request.
  Time since last request: 0.306603 seconds.
  path: Assets/Standard Assets/Environment/SpeedTree/Broadleaf/Broadleaf_Mobile_Atlas_Billboards.tga
  artifactKey: Guid(bc6e7e1374ff3e1459f65bf72da64c85) Importer(815301076,1909f56bfc062723c751e8b465ee728b)
Start importing Assets/Standard Assets/Environment/SpeedTree/Broadleaf/Broadleaf_Mobile_Atlas_Billboards.tga using Guid(bc6e7e1374ff3e1459f65bf72da64c85) Importer(815301076,1909f56bfc062723c751e8b465ee728b)  -> (artifact id: '92a11e499563e6c81985e8bd51ebe6ff') in 0.018732 seconds 
========================================================================
Received Import Request.
  Time since last request: 0.041475 seconds.
  path: Assets/Standard Assets/Environment/SpeedTree/Broadleaf/BroadleafBark.tga
  artifactKey: Guid(2c1c27ec8c3b75a4c80a795adc9ca788) Importer(815301076,1909f56bfc062723c751e8b465ee728b)
Start importing Assets/Standard Assets/Environment/SpeedTree/Broadleaf/BroadleafBark.tga using Guid(2c1c27ec8c3b75a4c80a795adc9ca788) Importer(815301076,1909f56bfc062723c751e8b465ee728b)  -> (artifact id: 'ab3b0c7370374ec69d04cf247f45ca62') in 0.014679 seconds 
========================================================================
Received Import Request.
  Time since last request: 0.290591 seconds.
  path: Assets/Standard Assets/Environment/SpeedTree/Broadleaf/Broadleaves_Card_Desktop_Spec.tga
  artifactKey: Guid(6308da3d0ff986b42be3b0a6ea5b6fae) Importer(815301076,1909f56bfc062723c751e8b465ee728b)
Start importing Assets/Standard Assets/Environment/SpeedTree/Broadleaf/Broadleaves_Card_Desktop_Spec.tga using Guid(6308da3d0ff986b42be3b0a6ea5b6fae) Importer(815301076,1909f56bfc062723c751e8b465ee728b)  -> (artifact id: '02298fff8e482f6e507ffc7872688587') in 0.014996 seconds 
========================================================================
Received Import Request.
  Time since last request: 0.038157 seconds.
  path: Assets/Standard Assets/Environment/SpeedTree/Broadleaf/Broadleaves_Mobile.tga
  artifactKey: Guid(b063a9f2b9f645b40948a32b447c738f) Importer(815301076,1909f56bfc062723c751e8b465ee728b)
Start importing Assets/Standard Assets/Environment/SpeedTree/Broadleaf/Broadleaves_Mobile.tga using Guid(b063a9f2b9f645b40948a32b447c738f) Importer(815301076,1909f56bfc062723c751e8b465ee728b)  -> (artifact id: 'ce1e77122abcf92cc49d2ba67c488249') in 0.011821 seconds 
========================================================================
Received Import Request.
  Time since last request: 4.617906 seconds.
  path: Packages/com.unity.testtools.codecoverage/Editor/Icons/d_FolderOpened@2x.png
  artifactKey: Guid(327ac160fa4588b4ab06124fe53fdbd1) Importer(815301076,1909f56bfc062723c751e8b465ee728b)
Start importing Packages/com.unity.testtools.codecoverage/Editor/Icons/d_FolderOpened@2x.png using Guid(327ac160fa4588b4ab06124fe53fdbd1) Importer(815301076,1909f56bfc062723c751e8b465ee728b)  -> (artifact id: '5806d5a2530c05a83f7aedfb2930e7b6') in 0.023345 seconds 
========================================================================
Received Import Request.
  Time since last request: 0.000019 seconds.
  path: Assets/Standard Assets/Fonts/OpenSans/OpenSansRegular.ttf
  artifactKey: Guid(b51a3e520f9164da198dc59c8acfccd6) Importer(815301076,1909f56bfc062723c751e8b465ee728b)
Start importing Assets/Standard Assets/Fonts/OpenSans/OpenSansRegular.ttf using Guid(b51a3e520f9164da198dc59c8acfccd6) Importer(815301076,1909f56bfc062723c751e8b465ee728b)  -> (artifact id: 'e6b9413831632512b282d2134027e384') in 0.065911 seconds 
========================================================================
Received Import Request.
  Time since last request: 2.334854 seconds.
  path: Assets/Textures/ForestFloor/forest_floor_disp_4k.png
  artifactKey: Guid(eb03b63f927295a4bba37e7872a80568) Importer(815301076,1909f56bfc062723c751e8b465ee728b)
Start importing Assets/Textures/ForestFloor/forest_floor_disp_4k.png using Guid(eb03b63f927295a4bba37e7872a80568) Importer(815301076,1909f56bfc062723c751e8b465ee728b)  -> (artifact id: '2ea09876d5d682c21d07660161148c7a') in 0.036370 seconds 
========================================================================
Received Import Request.
  Time since last request: 64.461547 seconds.
  path: Assets/Textures/RocksGround/rocks_ground_05_diff_4k.jpg
  artifactKey: Guid(5c86b236acd9d9c4180769c8c8419401) Importer(815301076,1909f56bfc062723c751e8b465ee728b)
Start importing Assets/Textures/RocksGround/rocks_ground_05_diff_4k.jpg using Guid(5c86b236acd9d9c4180769c8c8419401) Importer(815301076,1909f56bfc062723c751e8b465ee728b)  -> (artifact id: '0fcebd39defcf5cbdefc7f5d6ef19577') in 0.015372 seconds 
========================================================================
Received Prepare
Registering precompiled user dll's ...
Registered in 0.006061 seconds.
Begin MonoManager ReloadAssembly
Symbol file LoadedFromMemory doesn't match image C:\Users\antho\LAB1_AnthonyCharest\Library\PackageCache\com.unity.visualscripting@1.7.8\Editor\VisualScripting.Core\Dependencies\YamlDotNet\Unity.VisualScripting.YamlDotNet.dll
Symbol file LoadedFromMemory doesn't match image C:\Users\antho\LAB1_AnthonyCharest\Library\PackageCache\com.unity.visualscripting@1.7.8\Editor\VisualScripting.Core\Dependencies\DotNetZip\Unity.VisualScripting.IonicZip.dll
Native extension for WindowsStandalone target not found
Native extension for WebGL target not found
Refreshing native plugins compatible for Editor in 0.78 ms, found 3 plugins.
Preloading 0 native plugins for Editor in 0.00 ms.
Mono: successfully reloaded assembly
- Completed reload, in  0.891 seconds
Domain Reload Profiling:
	ReloadAssembly (892ms)
		BeginReloadAssembly (133ms)
			ExecutionOrderSort (0ms)
			DisableScriptedObjects (3ms)
			BackupInstance (0ms)
			ReleaseScriptingObjects (0ms)
			CreateAndSetChildDomain (44ms)
		EndReloadAssembly (669ms)
			LoadAssemblies (79ms)
			RebuildTransferFunctionScriptingTraits (0ms)
			SetupTypeCache (260ms)
			ReleaseScriptCaches (1ms)
			RebuildScriptCaches (36ms)
			SetupLoadedEditorAssemblies (265ms)
				LogAssemblyErrors (0ms)
				InitializePlatformSupportModulesInManaged (13ms)
				SetLoadedEditorAssemblies (0ms)
				RefreshPlugins (1ms)
				BeforeProcessingInitializeOnLoad (56ms)
				ProcessInitializeOnLoadAttributes (169ms)
				ProcessInitializeOnLoadMethodAttributes (19ms)
				AfterProcessingInitializeOnLoad (6ms)
				EditorAssembliesLoaded (0ms)
			ExecutionOrderSort2 (0ms)
			AwakeInstancesAfterBackupRestoration (5ms)
Platform modules already initialized, skipping
Refreshing native plugins compatible for Editor in 1.60 ms, found 3 plugins.
Preloading 0 native plugins for Editor in 0.00 ms.
Unloading 3462 Unused Serialized files (Serialized files now loaded: 0)
Unloading 24 unused Assets / (1.2 MB). Loaded Objects now: 4016.
Memory consumption went from 145.5 MB to 144.3 MB.
Total: 3.178600 ms (FindLiveObjects: 0.227600 ms CreateObjectMapping: 0.080700 ms MarkObjects: 2.390500 ms  DeleteObjects: 0.479000 ms)

AssetImportParameters requested are different than current active one (requested -> active):
  custom:video-decoder-ogg-theora: a1e56fd34408186e4bbccfd4996cb3dc -> 
  custom:container-muxer-webm: aa71ff27fc2769a1b78a27578f13a17b -> 
  custom:container-demuxer-webm: 4f35f7cbe854078d1ac9338744f61a02 -> 
  custom:video-encoder-webm-vp8: eb34c28f22e8b96e1ab97ce403110664 -> 
  custom:audio-encoder-webm-vorbis: bf7c407c2cedff20999df2af8eb42d56 -> 
  custom:framework-win-MediaFoundation: 216162199b28c13a410421893ffa2e32 -> 
  custom:container-demuxer-ogg: 62fdf1f143b41e24485cea50d1cbac27 -> 
  custom:video-decoder-webm-vp8: 9c59270c3fd7afecdb556c50c9e8de78 -> 
  custom:audio-decoder-ogg-vorbis: bf7c407c2cedff20999df2af8eb42d56 -> 
========================================================================
Received Import Request.
  Time since last request: 2096.693605 seconds.
  path: Assets/GraveyardProps/ParticleFX
  artifactKey: Guid(a725b42f17efea045b2890803a8df63b) Importer(815301076,1909f56bfc062723c751e8b465ee728b)
Start importing Assets/GraveyardProps/ParticleFX using Guid(a725b42f17efea045b2890803a8df63b) Importer(815301076,1909f56bfc062723c751e8b465ee728b)  -> (artifact id: '2ef23c5d5ba3c9106ffd812c2105b1d0') in 0.008657 seconds 
========================================================================
Received Import Request.
  Time since last request: 202.203973 seconds.
  path: Assets/NewLayer 1.terrainlayer
  artifactKey: Guid(4ee77adbe74185346a18d0ce0732595c) Importer(815301076,1909f56bfc062723c751e8b465ee728b)
Start importing Assets/NewLayer 1.terrainlayer using Guid(4ee77adbe74185346a18d0ce0732595c) Importer(815301076,1909f56bfc062723c751e8b465ee728b)  -> (artifact id: '2fe905ebb3751ac6ebceb66cac906c6b') in 0.047989 seconds 
========================================================================
Received Import Request.
  Time since last request: 142.361884 seconds.
  path: Assets/NewLayer.terrainlayer
  artifactKey: Guid(415188b3224d2914f82e45d5c5d8cf8a) Importer(815301076,1909f56bfc062723c751e8b465ee728b)
Start importing Assets/NewLayer.terrainlayer using Guid(415188b3224d2914f82e45d5c5d8cf8a) Importer(815301076,1909f56bfc062723c751e8b465ee728b)  -> (artifact id: '776d9ee7d968412312dedbe8a6e7ed8c') in 0.013127 seconds 
========================================================================
Received Import Request.
  Time since last request: 31.068203 seconds.
  path: Assets/NewLayer 2.terrainlayer
  artifactKey: Guid(559ea4cee82d4e34ea90d0ddef3e189e) Importer(815301076,1909f56bfc062723c751e8b465ee728b)
Start importing Assets/NewLayer 2.terrainlayer using Guid(559ea4cee82d4e34ea90d0ddef3e189e) Importer(815301076,1909f56bfc062723c751e8b465ee728b)  -> (artifact id: '266ae5ffb07ebe840917db477959bc81') in 0.010105 seconds 
========================================================================
Received Import Request.
  Time since last request: 618.975134 seconds.
  path: Assets/Standard Assets/Environment/SpeedTree/Broadleaf/Broadleaf_Desktop.spm
  artifactKey: Guid(c91c1eb85782d5748ace27eb4d7415bb) Importer(815301076,1909f56bfc062723c751e8b465ee728b)
Start importing Assets/Standard Assets/Environment/SpeedTree/Broadleaf/Broadleaf_Desktop.spm using Guid(c91c1eb85782d5748ace27eb4d7415bb) Importer(815301076,1909f56bfc062723c751e8b465ee728b)  -> (artifact id: '9b62880d7098f8456f8db0c3bc6d779b') in 1.403860 seconds 
========================================================================
Received Import Request.
  Time since last request: 72.477899 seconds.
  path: Assets/Standard Assets/Environment/SpeedTree/Conifer/Conifer_Desktop.spm
  artifactKey: Guid(469edab27ab6d004d84af2c4a851bd7f) Importer(815301076,1909f56bfc062723c751e8b465ee728b)
Start importing Assets/Standard Assets/Environment/SpeedTree/Conifer/Conifer_Desktop.spm using Guid(469edab27ab6d004d84af2c4a851bd7f) Importer(815301076,1909f56bfc062723c751e8b465ee728b)  -> (artifact id: 'e52befbe9ed6ba484efc577134afbb2e') in 0.086717 seconds 
========================================================================
Received Import Request.
  Time since last request: 607.793484 seconds.
  path: Assets/GraveyardProps/Prefabs/TombFantasyEnclosed_2.prefab
  artifactKey: Guid(b6939cf96776c2f4a929556d664b53d1) Importer(815301076,1909f56bfc062723c751e8b465ee728b)
Start importing Assets/GraveyardProps/Prefabs/TombFantasyEnclosed_2.prefab using Guid(b6939cf96776c2f4a929556d664b53d1) Importer(815301076,1909f56bfc062723c751e8b465ee728b)  -> (artifact id: 'bea7f86e62da7dbc957e49ad4c32ce28') in 0.399456 seconds 
========================================================================
Received Import Request.
  Time since last request: 3.676818 seconds.
  path: Assets/GraveyardProps/Prefabs/GraveType2_VeryDamaged_2.prefab
  artifactKey: Guid(c403779650f6801468abfd7c712a875e) Importer(815301076,1909f56bfc062723c751e8b465ee728b)
Start importing Assets/GraveyardProps/Prefabs/GraveType2_VeryDamaged_2.prefab using Guid(c403779650f6801468abfd7c712a875e) Importer(815301076,1909f56bfc062723c751e8b465ee728b)  -> (artifact id: '67a39ff0e78039a1c749850e77558810') in 0.033972 seconds 
========================================================================
Received Import Request.
  Time since last request: 2.463133 seconds.
  path: Assets/GraveyardProps/Prefabs/CoffinTexture_2.prefab
  artifactKey: Guid(63e1976b906dbf24b9ae9d9335ef99a5) Importer(815301076,1909f56bfc062723c751e8b465ee728b)
Start importing Assets/GraveyardProps/Prefabs/CoffinTexture_2.prefab using Guid(63e1976b906dbf24b9ae9d9335ef99a5) Importer(815301076,1909f56bfc062723c751e8b465ee728b)  -> (artifact id: '9d6be277096fd14022af8b1bb3249966') in 0.029370 seconds 
========================================================================
Received Import Request.
  Time since last request: 1.396192 seconds.
  path: Assets/GraveyardProps/Prefabs/CoffinTexture_1.prefab
  artifactKey: Guid(69d0285d3e4233a42aa512a92ce6aa5c) Importer(815301076,1909f56bfc062723c751e8b465ee728b)
Start importing Assets/GraveyardProps/Prefabs/CoffinTexture_1.prefab using Guid(69d0285d3e4233a42aa512a92ce6aa5c) Importer(815301076,1909f56bfc062723c751e8b465ee728b)  -> (artifact id: '04c3ac0810849eb811bcb0c06129ee33') in 0.032233 seconds 
========================================================================
Received Import Request.
  Time since last request: 1.936043 seconds.
  path: Assets/GraveyardProps/Prefabs/GraveCircleCrossDamaged_2.prefab
  artifactKey: Guid(f6c96aba047afbd4187959bce1b7fb27) Importer(815301076,1909f56bfc062723c751e8b465ee728b)
Start importing Assets/GraveyardProps/Prefabs/GraveCircleCrossDamaged_2.prefab using Guid(f6c96aba047afbd4187959bce1b7fb27) Importer(815301076,1909f56bfc062723c751e8b465ee728b)  -> (artifact id: 'a8a98b32b8ee20a96b21867c69a26a41') in 0.033373 seconds 
========================================================================
Received Import Request.
  Time since last request: 2.583359 seconds.
  path: Assets/GraveyardProps/Prefabs/GraveCircleCross_2.prefab
  artifactKey: Guid(592ec051d13f2bb4c904f622ab6b8367) Importer(815301076,1909f56bfc062723c751e8b465ee728b)
Start importing Assets/GraveyardProps/Prefabs/GraveCircleCross_2.prefab using Guid(592ec051d13f2bb4c904f622ab6b8367) Importer(815301076,1909f56bfc062723c751e8b465ee728b)  -> (artifact id: '18cd1f9adb76333ffc1a618b233f1bc4') in 0.033186 seconds 
========================================================================
Received Import Request.
  Time since last request: 25.293875 seconds.
  path: Assets/GraveyardProps/Prefabs/GraveType1_2.prefab
  artifactKey: Guid(4921f8fd6d3150245a97e40f7c8df604) Importer(815301076,1909f56bfc062723c751e8b465ee728b)
Start importing Assets/GraveyardProps/Prefabs/GraveType1_2.prefab using Guid(4921f8fd6d3150245a97e40f7c8df604) Importer(815301076,1909f56bfc062723c751e8b465ee728b)  -> (artifact id: 'daac298ddcb015d2f9854f877fbe447a') in 0.032534 seconds 
========================================================================
Received Import Request.
  Time since last request: 11.601492 seconds.
  path: Assets/GraveyardProps/Prefabs/GraveType4_2.prefab
  artifactKey: Guid(4d64b38c43e906d4cab809c9460bfc78) Importer(815301076,1909f56bfc062723c751e8b465ee728b)
Start importing Assets/GraveyardProps/Prefabs/GraveType4_2.prefab using Guid(4d64b38c43e906d4cab809c9460bfc78) Importer(815301076,1909f56bfc062723c751e8b465ee728b)  -> (artifact id: '69cee795a5d0c42fa6a87cf81b4f2a72') in 0.025271 seconds 
========================================================================
Received Import Request.
  Time since last request: 4.234755 seconds.
  path: Assets/GraveyardProps/Prefabs/GraveType3_Damaged_2.prefab
  artifactKey: Guid(f6f8a84ce962cb042ad9edb3044f202d) Importer(815301076,1909f56bfc062723c751e8b465ee728b)
Start importing Assets/GraveyardProps/Prefabs/GraveType3_Damaged_2.prefab using Guid(f6f8a84ce962cb042ad9edb3044f202d) Importer(815301076,1909f56bfc062723c751e8b465ee728b)  -> (artifact id: 'aba4d5e9005e22f565896f9e50da0ae3') in 0.025284 seconds 
========================================================================
Received Import Request.
  Time since last request: 17.121039 seconds.
  path: Assets/GraveyardProps/Prefabs/SummoningStone.prefab
  artifactKey: Guid(8b612d16417a0324596c6c27c389bdb7) Importer(815301076,1909f56bfc062723c751e8b465ee728b)
Start importing Assets/GraveyardProps/Prefabs/SummoningStone.prefab using Guid(8b612d16417a0324596c6c27c389bdb7) Importer(815301076,1909f56bfc062723c751e8b465ee728b)  -> (artifact id: '8eaf837c2e2b12ea9b08c63451905273') in 0.033686 seconds 
========================================================================
Received Import Request.
  Time since last request: 5.429805 seconds.
  path: Assets/GraveyardProps/Prefabs/TombHollow_1.prefab
  artifactKey: Guid(005d1cb2d92e75f4a858cb605ac92fe8) Importer(815301076,1909f56bfc062723c751e8b465ee728b)
Start importing Assets/GraveyardProps/Prefabs/TombHollow_1.prefab using Guid(005d1cb2d92e75f4a858cb605ac92fe8) Importer(815301076,1909f56bfc062723c751e8b465ee728b)  -> (artifact id: '2945dc626da9bde78ae0aa0fc7750266') in 0.026522 seconds 
========================================================================
Received Import Request.
  Time since last request: 1.500177 seconds.
  path: Assets/GraveyardProps/Prefabs/TombstoneType1_Bevel_2.prefab
  artifactKey: Guid(fb8eb9e307093c64a929f9b888366d64) Importer(815301076,1909f56bfc062723c751e8b465ee728b)
Start importing Assets/GraveyardProps/Prefabs/TombstoneType1_Bevel_2.prefab using Guid(fb8eb9e307093c64a929f9b888366d64) Importer(815301076,1909f56bfc062723c751e8b465ee728b)  -> (artifact id: '01e9a8feb977bdee8705afa61a212d73') in 0.028074 seconds 
========================================================================
Received Import Request.
  Time since last request: 2.234668 seconds.
  path: Assets/GraveyardProps/Prefabs/TombstoneType1_Plain_2.prefab
  artifactKey: Guid(1a603937f690f1446b417f6379ed13e8) Importer(815301076,1909f56bfc062723c751e8b465ee728b)
Start importing Assets/GraveyardProps/Prefabs/TombstoneType1_Plain_2.prefab using Guid(1a603937f690f1446b417f6379ed13e8) Importer(815301076,1909f56bfc062723c751e8b465ee728b)  -> (artifact id: 'bd136e99a371da2e28d838521339dece') in 0.034626 seconds 
========================================================================
Received Import Request.
  Time since last request: 14.429400 seconds.
  path: Assets/GraveyardProps/Prefabs/WoodenCross_1.prefab
  artifactKey: Guid(cacc7e4516cb22c4a9c332475f8470ac) Importer(815301076,1909f56bfc062723c751e8b465ee728b)
Start importing Assets/GraveyardProps/Prefabs/WoodenCross_1.prefab using Guid(cacc7e4516cb22c4a9c332475f8470ac) Importer(815301076,1909f56bfc062723c751e8b465ee728b)  -> (artifact id: '0b6b1bc4b94cde4259b4beb42fe9b533') in 0.027672 seconds 
========================================================================
Received Import Request.
  Time since last request: 3.258332 seconds.
  path: Assets/GraveyardProps/Prefabs/WoodenCross_2.prefab
  artifactKey: Guid(c1df86f4e21081146a9db616c730056a) Importer(815301076,1909f56bfc062723c751e8b465ee728b)
Start importing Assets/GraveyardProps/Prefabs/WoodenCross_2.prefab using Guid(c1df86f4e21081146a9db616c730056a) Importer(815301076,1909f56bfc062723c751e8b465ee728b)  -> (artifact id: 'e9ae666608b71a2e5968b448e55a11ef') in 0.025352 seconds 
========================================================================
Received Import Request.
  Time since last request: 4.352566 seconds.
  path: Assets/GraveyardProps/Prefabs/GraveType6_2.prefab
  artifactKey: Guid(f6ee4a6ffb3634f40bed89b2d9864a31) Importer(815301076,1909f56bfc062723c751e8b465ee728b)
Start importing Assets/GraveyardProps/Prefabs/GraveType6_2.prefab using Guid(f6ee4a6ffb3634f40bed89b2d9864a31) Importer(815301076,1909f56bfc062723c751e8b465ee728b)  -> (artifact id: '4984c74942c54dcaa0672f0da250d191') in 0.024944 seconds 
========================================================================
Received Import Request.
  Time since last request: 4.186388 seconds.
  path: Assets/GraveyardProps/Prefabs/GraveType6_VeryDamaged_2.prefab
  artifactKey: Guid(b6d741fa3e5ecf74aa70a63138d0800f) Importer(815301076,1909f56bfc062723c751e8b465ee728b)
Start importing Assets/GraveyardProps/Prefabs/GraveType6_VeryDamaged_2.prefab using Guid(b6d741fa3e5ecf74aa70a63138d0800f) Importer(815301076,1909f56bfc062723c751e8b465ee728b)  -> (artifact id: 'dbab826a3c70f68a0d34070e14f8ad3d') in 0.024362 seconds 
========================================================================
Received Import Request.
  Time since last request: 11.637506 seconds.
  path: Assets/GraveyardProps/Prefabs/GraveType5_VeryDamaged_2 1.prefab
  artifactKey: Guid(c7d5e0bc1766fce4fbac07e5437565de) Importer(815301076,1909f56bfc062723c751e8b465ee728b)
Start importing Assets/GraveyardProps/Prefabs/GraveType5_VeryDamaged_2 1.prefab using Guid(c7d5e0bc1766fce4fbac07e5437565de) Importer(815301076,1909f56bfc062723c751e8b465ee728b)  -> (artifact id: '36d4bba7d7dcba3dfedff20988b8364e') in 0.028461 seconds 
========================================================================
Received Import Request.
  Time since last request: 5.418912 seconds.
  path: Assets/GraveyardProps/Prefabs/GraveType5_VeryDamaged_2.prefab
  artifactKey: Guid(b836d717411464244b69188896a185cd) Importer(815301076,1909f56bfc062723c751e8b465ee728b)
Start importing Assets/GraveyardProps/Prefabs/GraveType5_VeryDamaged_2.prefab using Guid(b836d717411464244b69188896a185cd) Importer(815301076,1909f56bfc062723c751e8b465ee728b)  -> (artifact id: '78ca9b5014d5d6052374ee04a7aab95a') in 0.027700 seconds 
========================================================================
Received Import Request.
  Time since last request: 3.425613 seconds.
  path: Assets/GraveyardProps/Prefabs/GraveType5_Damaged_2.prefab
  artifactKey: Guid(42c9cfd0ad2a02645a8e5682666da24e) Importer(815301076,1909f56bfc062723c751e8b465ee728b)
Start importing Assets/GraveyardProps/Prefabs/GraveType5_Damaged_2.prefab using Guid(42c9cfd0ad2a02645a8e5682666da24e) Importer(815301076,1909f56bfc062723c751e8b465ee728b)  -> (artifact id: '2beddb4a4fa5a0197aaa9a205b1ef812') in 0.025150 seconds 
========================================================================
Received Import Request.
  Time since last request: 917.171960 seconds.
  path: Assets/Standard Assets/Environment/Water/Water/Prefabs/WaterProDaytime.prefab
  artifactKey: Guid(780611a67e8e941a2b3aa96e5915a793) Importer(815301076,1909f56bfc062723c751e8b465ee728b)
Start importing Assets/Standard Assets/Environment/Water/Water/Prefabs/WaterProDaytime.prefab using Guid(780611a67e8e941a2b3aa96e5915a793) Importer(815301076,1909f56bfc062723c751e8b465ee728b)  -> (artifact id: '3ecfb5872d2017eca8c084db58e01520') in 0.098666 seconds 
========================================================================
Received Import Request.
  Time since last request: 1.153025 seconds.
  path: Assets/Standard Assets/Environment/Water/Water/Prefabs/WaterProNighttime.prefab
  artifactKey: Guid(bcae914220acd4907840a029bb9d9aec) Importer(815301076,1909f56bfc062723c751e8b465ee728b)
Start importing Assets/Standard Assets/Environment/Water/Water/Prefabs/WaterProNighttime.prefab using Guid(bcae914220acd4907840a029bb9d9aec) Importer(815301076,1909f56bfc062723c751e8b465ee728b)  -> (artifact id: '3ee26cba991b8dc7b58f8e78962afde9') in 0.033700 seconds 
========================================================================
Received Import Request.
  Time since last request: 385.562045 seconds.
  path: Assets/Standard Assets/Effects
  artifactKey: Guid(115d1f9d9bd29064ab981e57c8fc8cdf) Importer(815301076,1909f56bfc062723c751e8b465ee728b)
Start importing Assets/Standard Assets/Effects using Guid(115d1f9d9bd29064ab981e57c8fc8cdf) Importer(815301076,1909f56bfc062723c751e8b465ee728b)  -> (artifact id: 'b7125b2be2dc9742d972d28468e8080d') in 0.050804 seconds 
========================================================================
Received Import Request.
  Time since last request: 7.660964 seconds.
  path: Assets/Standard Assets/PhysicsMaterials
  artifactKey: Guid(5eebb5849c50a2c4ea24ded96e6f3aac) Importer(815301076,1909f56bfc062723c751e8b465ee728b)
Start importing Assets/Standard Assets/PhysicsMaterials using Guid(5eebb5849c50a2c4ea24ded96e6f3aac) Importer(815301076,1909f56bfc062723c751e8b465ee728b)  -> (artifact id: '3d11168e03a016ae1bd3fdb0159ebf95') in 0.019420 seconds 
========================================================================
Received Import Request.
  Time since last request: 3.659323 seconds.
  path: Assets/Standard Assets/ParticleSystems/Prefabs/Afterburner.prefab
  artifactKey: Guid(d8c41be67f41aa545ae053b0b927f821) Importer(815301076,1909f56bfc062723c751e8b465ee728b)
Start importing Assets/Standard Assets/ParticleSystems/Prefabs/Afterburner.prefab using Guid(d8c41be67f41aa545ae053b0b927f821) Importer(815301076,1909f56bfc062723c751e8b465ee728b)  -> (artifact id: '1c5558a9a8174c26fc1e3908968fac10') in 0.195417 seconds 
========================================================================
Received Import Request.
  Time since last request: 2.758397 seconds.
  path: Assets/Standard Assets/ParticleSystems/Prefabs/FireComplex.prefab
  artifactKey: Guid(bf495eacf58e31146ab012aa89ac68da) Importer(815301076,1909f56bfc062723c751e8b465ee728b)
Start importing Assets/Standard Assets/ParticleSystems/Prefabs/FireComplex.prefab using Guid(bf495eacf58e31146ab012aa89ac68da) Importer(815301076,1909f56bfc062723c751e8b465ee728b)  -> (artifact id: '9717dc9a2c45441c3838ecbe90907143') in 0.230606 seconds 
========================================================================
Received Import Request.
  Time since last request: 5.889765 seconds.
  path: Assets/Standard Assets/ParticleSystems/Prefabs/Hose.prefab
  artifactKey: Guid(fae5d333f43a55744ab0c44fecefdcae) Importer(815301076,1909f56bfc062723c751e8b465ee728b)
Start importing Assets/Standard Assets/ParticleSystems/Prefabs/Hose.prefab using Guid(fae5d333f43a55744ab0c44fecefdcae) Importer(815301076,1909f56bfc062723c751e8b465ee728b)  -> (artifact id: '09308fabf6413d25ba6b9c85106311e5') in 0.039815 seconds 
========================================================================
Received Import Request.
  Time since last request: 0.624465 seconds.
  path: Assets/Standard Assets/ParticleSystems/Prefabs/FlareMobile.prefab
  artifactKey: Guid(ccbcfc705a39717429590a9f247ec30a) Importer(815301076,1909f56bfc062723c751e8b465ee728b)
Start importing Assets/Standard Assets/ParticleSystems/Prefabs/FlareMobile.prefab using Guid(ccbcfc705a39717429590a9f247ec30a) Importer(815301076,1909f56bfc062723c751e8b465ee728b)  -> (artifact id: '81b148b1b3fc703376ec909ba2f9f346') in 0.032023 seconds 
========================================================================
Received Import Request.
  Time since last request: 0.006487 seconds.
  path: Assets/Standard Assets/ParticleSystems/Materials/ParticleFirework.mat
  artifactKey: Guid(9f3080141f1f64197825663e067f94f8) Importer(815301076,1909f56bfc062723c751e8b465ee728b)
Start importing Assets/Standard Assets/ParticleSystems/Materials/ParticleFirework.mat using Guid(9f3080141f1f64197825663e067f94f8) Importer(815301076,1909f56bfc062723c751e8b465ee728b)  -> (artifact id: 'bf53741e70a9eee3107c48ca224b2c73') in 0.056855 seconds 
========================================================================
Received Import Request.
  Time since last request: 0.139741 seconds.
  path: Assets/Standard Assets/ParticleSystems/Prefabs/FlareMobile.prefab
  artifactKey: Guid(ccbcfc705a39717429590a9f247ec30a) Importer(815301076,1909f56bfc062723c751e8b465ee728b)
Start importing Assets/Standard Assets/ParticleSystems/Prefabs/FlareMobile.prefab using Guid(ccbcfc705a39717429590a9f247ec30a) Importer(815301076,1909f56bfc062723c751e8b465ee728b)  -> (artifact id: 'b7c0c50d095958fde45fcafe0b2d3cac') in 0.025733 seconds 
========================================================================
Received Import Request.
  Time since last request: 1.684118 seconds.
  path: Assets/Standard Assets/ParticleSystems/Prefabs/SteamMobile.prefab
  artifactKey: Guid(b6fecef6c92b67147b638a07ef91195b) Importer(815301076,1909f56bfc062723c751e8b465ee728b)
Start importing Assets/Standard Assets/ParticleSystems/Prefabs/SteamMobile.prefab using Guid(b6fecef6c92b67147b638a07ef91195b) Importer(815301076,1909f56bfc062723c751e8b465ee728b)  -> (artifact id: '29c961119c451d869c1acce1cdc60db6') in 0.028440 seconds 
========================================================================
Received Import Request.
  Time since last request: 1.239100 seconds.
  path: Assets/Standard Assets/ParticleSystems/Prefabs/Explosion.prefab
  artifactKey: Guid(031d08f52af1daa4f929b85221519426) Importer(815301076,1909f56bfc062723c751e8b465ee728b)
Start importing Assets/Standard Assets/ParticleSystems/Prefabs/Explosion.prefab using Guid(031d08f52af1daa4f929b85221519426) Importer(815301076,1909f56bfc062723c751e8b465ee728b)  -> (artifact id: 'a7b988bed166d5bff95352bdea89db2c') in 0.044662 seconds 
========================================================================
Received Import Request.
  Time since last request: 0.642486 seconds.
  path: Assets/Standard Assets/ParticleSystems/Prefabs/DustStormMobile.prefab
  artifactKey: Guid(ed1c797ec3736704db03a0d64d010e33) Importer(815301076,1909f56bfc062723c751e8b465ee728b)
Start importing Assets/Standard Assets/ParticleSystems/Prefabs/DustStormMobile.prefab using Guid(ed1c797ec3736704db03a0d64d010e33) Importer(815301076,1909f56bfc062723c751e8b465ee728b)  -> (artifact id: '876920a120f4cb2d32dac6ae41dd72dd') in 0.028540 seconds 
========================================================================
Received Import Request.
  Time since last request: 0.000039 seconds.
  path: Assets/Standard Assets/ParticleSystems/Materials/ParticleDuststorm.mat
  artifactKey: Guid(7911795df27dd464190eed77dda90191) Importer(815301076,1909f56bfc062723c751e8b465ee728b)
Start importing Assets/Standard Assets/ParticleSystems/Materials/ParticleDuststorm.mat using Guid(7911795df27dd464190eed77dda90191) Importer(815301076,1909f56bfc062723c751e8b465ee728b)  -> (artifact id: 'b1a50df3e6bc2519af4797b472005542') in 0.075498 seconds 
========================================================================
Received Import Request.
  Time since last request: 401.877338 seconds.
  path: Assets/New Folder
  artifactKey: Guid(67838bd89c9d91341a297bfa9c14e61b) Importer(815301076,1909f56bfc062723c751e8b465ee728b)
Start importing Assets/New Folder using Guid(67838bd89c9d91341a297bfa9c14e61b) Importer(815301076,1909f56bfc062723c751e8b465ee728b)  -> (artifact id: 'db7357334fcfacb43ac56104b23df9c3') in 0.007691 seconds 
========================================================================
Received Import Request.
  Time since last request: 13.726881 seconds.
  path: Assets/Prefabs/Torche.prefab
  artifactKey: Guid(6b7787f6424db4f49ac567aa9e639d9b) Importer(815301076,1909f56bfc062723c751e8b465ee728b)
Start importing Assets/Prefabs/Torche.prefab using Guid(6b7787f6424db4f49ac567aa9e639d9b) Importer(815301076,1909f56bfc062723c751e8b465ee728b)  -> (artifact id: 'ee6b47c6458be9b4064699753db46d11') in 0.178850 seconds 
========================================================================
Received Import Request.
  Time since last request: 981.869076 seconds.
  path: Assets/Standard Assets/ParticleSystems/Materials/ParticleFirecloud.mat
  artifactKey: Guid(77d08210df254d845885518314593544) Importer(815301076,1909f56bfc062723c751e8b465ee728b)
Start importing Assets/Standard Assets/ParticleSystems/Materials/ParticleFirecloud.mat using Guid(77d08210df254d845885518314593544) Importer(815301076,1909f56bfc062723c751e8b465ee728b)  -> (artifact id: '427b0cbfd77163eeb75d52087664fae2') in 0.049853 seconds 
========================================================================
Received Import Request.
  Time since last request: 6.024970 seconds.
  path: Assets/Standard Assets/ParticleSystems/Materials/ParticleGlow.mat
  artifactKey: Guid(c10b1630d5621ec48a17223c3c102023) Importer(815301076,1909f56bfc062723c751e8b465ee728b)
Start importing Assets/Standard Assets/ParticleSystems/Materials/ParticleGlow.mat using Guid(c10b1630d5621ec48a17223c3c102023) Importer(815301076,1909f56bfc062723c751e8b465ee728b)  -> (artifact id: '07c318390594a7dff6621759d8b538c0') in 0.030791 seconds 
========================================================================
Received Import Request.
  Time since last request: 0.891432 seconds.
  path: Assets/Standard Assets/ParticleSystems/Materials/ParticleSmokeBlack.mat
  artifactKey: Guid(fc626cffedc907848a7b47b87aa5e34f) Importer(815301076,1909f56bfc062723c751e8b465ee728b)
Start importing Assets/Standard Assets/ParticleSystems/Materials/ParticleSmokeBlack.mat using Guid(fc626cffedc907848a7b47b87aa5e34f) Importer(815301076,1909f56bfc062723c751e8b465ee728b)  -> (artifact id: '477cef89499eac7ed5ef567230bee8f0') in 0.025948 seconds 
========================================================================
Received Import Request.
  Time since last request: 1236.178917 seconds.
  path: Assets/Standard Assets/Cameras/CameraGuidelines.txt
  artifactKey: Guid(86f4276d9602ff547968823666aa5699) Importer(815301076,1909f56bfc062723c751e8b465ee728b)
Start importing Assets/Standard Assets/Cameras/CameraGuidelines.txt using Guid(86f4276d9602ff547968823666aa5699) Importer(815301076,1909f56bfc062723c751e8b465ee728b)  -> (artifact id: 'b120fbbe5311214b565325462879e0af') in 0.045465 seconds 
========================================================================
Received Import Request.
  Time since last request: 3.871848 seconds.
  path: Assets/Standard Assets/2D
  artifactKey: Guid(27dbec7630294d64c9ab91261656cbd4) Importer(815301076,1909f56bfc062723c751e8b465ee728b)
Start importing Assets/Standard Assets/2D using Guid(27dbec7630294d64c9ab91261656cbd4) Importer(815301076,1909f56bfc062723c751e8b465ee728b)  -> (artifact id: '5e9cfb276e6fbdbcd390ab96d9348184') in 0.009602 seconds 
========================================================================
Received Prepare
Registering precompiled user dll's ...
Registered in 0.007807 seconds.
Begin MonoManager ReloadAssembly
Symbol file LoadedFromMemory doesn't match image C:\Users\antho\LAB1_AnthonyCharest\Library\PackageCache\com.unity.visualscripting@1.7.8\Editor\VisualScripting.Core\Dependencies\YamlDotNet\Unity.VisualScripting.YamlDotNet.dll
Symbol file LoadedFromMemory doesn't match image C:\Users\antho\LAB1_AnthonyCharest\Library\PackageCache\com.unity.visualscripting@1.7.8\Editor\VisualScripting.Core\Dependencies\DotNetZip\Unity.VisualScripting.IonicZip.dll
Native extension for WindowsStandalone target not found
Native extension for WebGL target not found
Refreshing native plugins compatible for Editor in 1.06 ms, found 3 plugins.
Preloading 0 native plugins for Editor in 0.00 ms.
Mono: successfully reloaded assembly
- Completed reload, in  2.131 seconds
Domain Reload Profiling:
	ReloadAssembly (2132ms)
		BeginReloadAssembly (326ms)
			ExecutionOrderSort (0ms)
			DisableScriptedObjects (9ms)
			BackupInstance (0ms)
			ReleaseScriptingObjects (0ms)
			CreateAndSetChildDomain (132ms)
		EndReloadAssembly (1632ms)
			LoadAssemblies (174ms)
			RebuildTransferFunctionScriptingTraits (0ms)
			SetupTypeCache (701ms)
			ReleaseScriptCaches (2ms)
			RebuildScriptCaches (78ms)
			SetupLoadedEditorAssemblies (605ms)
				LogAssemblyErrors (0ms)
				InitializePlatformSupportModulesInManaged (31ms)
				SetLoadedEditorAssemblies (1ms)
				RefreshPlugins (1ms)
				BeforeProcessingInitializeOnLoad (128ms)
				ProcessInitializeOnLoadAttributes (395ms)
				ProcessInitializeOnLoadMethodAttributes (35ms)
				AfterProcessingInitializeOnLoad (15ms)
				EditorAssembliesLoaded (0ms)
			ExecutionOrderSort2 (0ms)
			AwakeInstancesAfterBackupRestoration (13ms)
Platform modules already initialized, skipping
Refreshing native plugins compatible for Editor in 4.03 ms, found 3 plugins.
Preloading 0 native plugins for Editor in 0.00 ms.
Unloading 3462 Unused Serialized files (Serialized files now loaded: 0)
Unloading 27 unused Assets / (1.2 MB). Loaded Objects now: 4035.
Memory consumption went from 150.8 MB to 149.6 MB.
Total: 6.767000 ms (FindLiveObjects: 0.357400 ms CreateObjectMapping: 0.326200 ms MarkObjects: 5.248000 ms  DeleteObjects: 0.833400 ms)

AssetImportParameters requested are different than current active one (requested -> active):
  custom:video-decoder-ogg-theora: a1e56fd34408186e4bbccfd4996cb3dc -> 
  custom:container-muxer-webm: aa71ff27fc2769a1b78a27578f13a17b -> 
  custom:container-demuxer-webm: 4f35f7cbe854078d1ac9338744f61a02 -> 
  custom:video-encoder-webm-vp8: eb34c28f22e8b96e1ab97ce403110664 -> 
  custom:audio-encoder-webm-vorbis: bf7c407c2cedff20999df2af8eb42d56 -> 
  custom:framework-win-MediaFoundation: 216162199b28c13a410421893ffa2e32 -> 
  custom:container-demuxer-ogg: 62fdf1f143b41e24485cea50d1cbac27 -> 
  custom:video-decoder-webm-vp8: 9c59270c3fd7afecdb556c50c9e8de78 -> 
  custom:audio-decoder-ogg-vorbis: bf7c407c2cedff20999df2af8eb42d56 -> 
